<?xml version="1.0" encoding="UTF-8"?>
<!-- Generated by org.testng.reporters.JUnitXMLReporter -->
<testsuite hostname="LSTKAG230469" ignored="0" name="Default test" tests="3" failures="0" timestamp="16 Sep 2020 23:55:03 GMT" time="43.334" errors="0">
  <testcase name="HomePage" time="2.962" classname="com.test.app.MicrosoftApplicationSuite"/>
  <testcase name="ProductDetailsPage" time="14.833" classname="com.test.app.MicrosoftApplicationSuite"/>
  <testcase name="WindowsPage" time="20.935" classname="com.test.app.MicrosoftApplicationSuite"/>
</testsuite> <!-- Default test -->
